

================================================================
== Vitis HLS Report for 'sqrt_fixed_32_32_s'
================================================================
* Date:           Fri Apr  1 00:19:52 2022

* Version:        2021.1 (Build 3247384 on Thu Jun 10 19:36:07 MDT 2021)
* Project:        kv260_3d_svm
* Solution:       solution1 (Vivado IP Flow Target)
* Product family: zynquplus
* Target device:  xck26-sfvc784-2LV-c


================================================================
== Performance Estimates
================================================================
+ Timing: 
    * Summary: 
    +--------+----------+----------+------------+
    |  Clock |  Target  | Estimated| Uncertainty|
    +--------+----------+----------+------------+
    |ap_clk  |  10.00 ns|  7.299 ns|     2.70 ns|
    +--------+----------+----------+------------+

+ Latency: 
    * Summary: 
    +---------+---------+-----------+-----------+-----+-----+---------+
    |  Latency (cycles) |   Latency (absolute)  |  Interval | Pipeline|
    |   min   |   max   |    min    |    max    | min | max |   Type  |
    +---------+---------+-----------+-----------+-----+-----+---------+
    |        3|        3|  30.000 ns|  30.000 ns|    1|    1|      yes|
    +---------+---------+-----------+-----------+-----+-----+---------+

    + Detail: 
        * Instance: 
        N/A

        * Loop: 
        N/A

============================================================
+ Verbose Summary: Synthesis Manager
============================================================
InlineROM: 1
ExposeGlobal: 0
============================================================
+ Verbose Summary: CDFG Model
============================================================
IsTopModel: 0
ResetActiveHigh: 1
IsCombinational: 0
IsDatapathOnly: 0
HasWiredReturn: 1
HasMFsm: 2
HasVarLatency: 0
IsPipeline: 1
IsRtlPipelined: 1
IsInstanceOverlapped: 0
IsDontTouch: 0
HasImplIP: 0
IsGatedGlobalClock: 0

+ Individual pipeline summary: 
  * Pipeline-0: initiation interval (II) = 1, depth = 4


============================================================
+ Verbose Summary: Schedule
============================================================
* Number of FSM states : 4
* Pipeline : 1
  Pipeline-0 : II = 1, D = 4, States = { 1 2 3 4 }
* Dataflow Pipeline: 0

* FSM state transitions: 
1 --> 2 
2 --> 3 
3 --> 4 
4 --> 

* FSM state operations: 

State 1 <SV = 0> <Delay = 0.54>
ST_1 : Operation 5 [1/1] (0.00ns)   --->   "%x_read = read i32 @_ssdm_op_Read.ap_auto.i32, i32 %x"   --->   Operation 5 'read' 'x_read' <Predicate = true> <Delay = 0.00>
ST_1 : Operation 6 [1/1] (0.00ns)   --->   "%tmp = partselect i2 @_ssdm_op_PartSelect.i2.i32.i32.i32, i32 %x_read, i32 30, i32 31"   --->   Operation 6 'partselect' 'tmp' <Predicate = true> <Delay = 0.00>
ST_1 : Operation 7 [1/1] (0.44ns)   --->   "%icmp_ln443 = icmp_eq  i2 %tmp, i2 0"   --->   Operation 7 'icmp' 'icmp_ln443' <Predicate = true> <Delay = 0.44> <CoreInst = "Cmp">   --->   Core 9 'Cmp' <Latency = 0> <II = 1> <Delay = 1.03> <FuncUnit> <Opcode : 'icmp'> <InPorts = 2> <OutPorts = 1>
ST_1 : Operation 8 [1/1] (0.00ns)   --->   "%zext_ln212 = zext i2 %tmp"   --->   Operation 8 'zext' 'zext_ln212' <Predicate = true> <Delay = 0.00>
ST_1 : Operation 9 [1/1] (0.54ns)   --->   "%add_ln212 = add i3 %zext_ln212, i3 7"   --->   Operation 9 'add' 'add_ln212' <Predicate = true> <Delay = 0.54> <CoreInst = "Adder">   --->   Core 1 'Adder' <Latency = 0> <II = 1> <Delay = 0.85> <FuncUnit> <Opcode : 'add' 'sub'> <InPorts = 2> <OutPorts = 1>

State 2 <SV = 1> <Delay = 7.29>
ST_2 : Operation 10 [1/1] (0.00ns)   --->   "%zext_ln666 = zext i32 %x_read"   --->   Operation 10 'zext' 'zext_ln666' <Predicate = true> <Delay = 0.00>
ST_2 : Operation 11 [1/1] (0.00ns)   --->   "%p_Result_50 = partset i35 @llvm.part.set.i35.i3, i35 %zext_ln666, i3 %add_ln212, i32 30, i32 32"   --->   Operation 11 'partset' 'p_Result_50' <Predicate = (!icmp_ln443)> <Delay = 0.00>
ST_2 : Operation 12 [1/1] (0.39ns)   --->   "%x_l_I_V_31 = select i1 %icmp_ln443, i35 %zext_ln666, i35 %p_Result_50"   --->   Operation 12 'select' 'x_l_I_V_31' <Predicate = true> <Delay = 0.39> <CoreInst = "Sel">   --->   Core 73 'Sel' <Latency = 0> <II = 1> <Delay = 0.35> <FuncUnit> <Opcode : 'select'> <InPorts = 3> <OutPorts = 1>
ST_2 : Operation 13 [1/1] (0.35ns)   --->   "%res_I_V_32 = select i1 %icmp_ln443, i16 0, i16 32768"   --->   Operation 13 'select' 'res_I_V_32' <Predicate = true> <Delay = 0.35> <CoreInst = "Sel">   --->   Core 73 'Sel' <Latency = 0> <II = 1> <Delay = 0.35> <FuncUnit> <Opcode : 'select'> <InPorts = 3> <OutPorts = 1>
ST_2 : Operation 14 [1/1] (0.00ns)   --->   "%p_Result_s_66 = partselect i2 @_ssdm_op_PartSelect.i2.i16.i32.i32, i16 %res_I_V_32, i32 14, i32 15"   --->   Operation 14 'partselect' 'p_Result_s_66' <Predicate = true> <Delay = 0.00>
ST_2 : Operation 15 [1/1] (0.00ns)   --->   "%tmp_1 = bitconcatenate i3 @_ssdm_op_BitConcatenate.i3.i2.i1, i2 %p_Result_s_66, i1 1"   --->   Operation 15 'bitconcatenate' 'tmp_1' <Predicate = true> <Delay = 0.00>
ST_2 : Operation 16 [1/1] (0.00ns)   --->   "%p_Result_51 = partselect i4 @_ssdm_op_PartSelect.i4.i35.i32.i32, i35 %x_l_I_V_31, i32 28, i32 31"   --->   Operation 16 'partselect' 'p_Result_51' <Predicate = true> <Delay = 0.00>
ST_2 : Operation 17 [1/1] (0.00ns)   --->   "%zext_ln443 = zext i3 %tmp_1"   --->   Operation 17 'zext' 'zext_ln443' <Predicate = true> <Delay = 0.00>
ST_2 : Operation 18 [1/1] (0.72ns)   --->   "%icmp_ln443_1 = icmp_ult  i4 %p_Result_51, i4 %zext_ln443"   --->   Operation 18 'icmp' 'icmp_ln443_1' <Predicate = true> <Delay = 0.72> <CoreInst = "Cmp">   --->   Core 9 'Cmp' <Latency = 0> <II = 1> <Delay = 1.03> <FuncUnit> <Opcode : 'icmp'> <InPorts = 2> <OutPorts = 1>
ST_2 : Operation 19 [1/1] (0.79ns)   --->   "%sub_ln212 = sub i4 %p_Result_51, i4 %zext_ln443"   --->   Operation 19 'sub' 'sub_ln212' <Predicate = true> <Delay = 0.79> <CoreInst = "Adder">   --->   Core 1 'Adder' <Latency = 0> <II = 1> <Delay = 0.85> <FuncUnit> <Opcode : 'add' 'sub'> <InPorts = 2> <OutPorts = 1>
ST_2 : Operation 20 [1/1] (0.00ns)   --->   "%p_Result_52 = partset i35 @llvm.part.set.i35.i4, i35 %x_l_I_V_31, i4 %sub_ln212, i32 28, i32 31"   --->   Operation 20 'partset' 'p_Result_52' <Predicate = true> <Delay = 0.00>
ST_2 : Operation 21 [1/1] (0.00ns)   --->   "%p_Result_53 = bitset i16 @_ssdm_op_BitSet.i16.i16.i32.i1, i16 %res_I_V_32, i32 14, i1 1"   --->   Operation 21 'bitset' 'p_Result_53' <Predicate = true> <Delay = 0.00>
ST_2 : Operation 22 [1/1] (0.39ns)   --->   "%x_l_I_V_32 = select i1 %icmp_ln443_1, i35 %x_l_I_V_31, i35 %p_Result_52"   --->   Operation 22 'select' 'x_l_I_V_32' <Predicate = true> <Delay = 0.39> <CoreInst = "Sel">   --->   Core 73 'Sel' <Latency = 0> <II = 1> <Delay = 0.35> <FuncUnit> <Opcode : 'select'> <InPorts = 3> <OutPorts = 1>
ST_2 : Operation 23 [1/1] (0.35ns)   --->   "%res_I_V_33 = select i1 %icmp_ln443_1, i16 %res_I_V_32, i16 %p_Result_53"   --->   Operation 23 'select' 'res_I_V_33' <Predicate = true> <Delay = 0.35> <CoreInst = "Sel">   --->   Core 73 'Sel' <Latency = 0> <II = 1> <Delay = 0.35> <FuncUnit> <Opcode : 'select'> <InPorts = 3> <OutPorts = 1>
ST_2 : Operation 24 [1/1] (0.00ns)   --->   "%p_Result_4 = partselect i3 @_ssdm_op_PartSelect.i3.i16.i32.i32, i16 %res_I_V_33, i32 13, i32 15"   --->   Operation 24 'partselect' 'p_Result_4' <Predicate = true> <Delay = 0.00>
ST_2 : Operation 25 [1/1] (0.00ns)   --->   "%tmp_2 = bitconcatenate i4 @_ssdm_op_BitConcatenate.i4.i3.i1, i3 %p_Result_4, i1 1"   --->   Operation 25 'bitconcatenate' 'tmp_2' <Predicate = true> <Delay = 0.00>
ST_2 : Operation 26 [1/1] (0.00ns)   --->   "%p_Result_54 = partselect i5 @_ssdm_op_PartSelect.i5.i35.i32.i32, i35 %x_l_I_V_32, i32 26, i32 30"   --->   Operation 26 'partselect' 'p_Result_54' <Predicate = true> <Delay = 0.00>
ST_2 : Operation 27 [1/1] (0.00ns)   --->   "%zext_ln443_1 = zext i4 %tmp_2"   --->   Operation 27 'zext' 'zext_ln443_1' <Predicate = true> <Delay = 0.00>
ST_2 : Operation 28 [1/1] (0.75ns)   --->   "%icmp_ln443_2 = icmp_ult  i5 %p_Result_54, i5 %zext_ln443_1"   --->   Operation 28 'icmp' 'icmp_ln443_2' <Predicate = true> <Delay = 0.75> <CoreInst = "Cmp">   --->   Core 9 'Cmp' <Latency = 0> <II = 1> <Delay = 1.03> <FuncUnit> <Opcode : 'icmp'> <InPorts = 2> <OutPorts = 1>
ST_2 : Operation 29 [1/1] (0.78ns)   --->   "%sub_ln212_1 = sub i5 %p_Result_54, i5 %zext_ln443_1"   --->   Operation 29 'sub' 'sub_ln212_1' <Predicate = true> <Delay = 0.78> <CoreInst = "Adder">   --->   Core 1 'Adder' <Latency = 0> <II = 1> <Delay = 0.85> <FuncUnit> <Opcode : 'add' 'sub'> <InPorts = 2> <OutPorts = 1>
ST_2 : Operation 30 [1/1] (0.00ns)   --->   "%p_Result_55 = partset i35 @llvm.part.set.i35.i5, i35 %x_l_I_V_32, i5 %sub_ln212_1, i32 26, i32 30"   --->   Operation 30 'partset' 'p_Result_55' <Predicate = true> <Delay = 0.00>
ST_2 : Operation 31 [1/1] (0.00ns)   --->   "%p_Result_56 = bitset i16 @_ssdm_op_BitSet.i16.i16.i32.i1, i16 %res_I_V_33, i32 13, i1 1"   --->   Operation 31 'bitset' 'p_Result_56' <Predicate = true> <Delay = 0.00>
ST_2 : Operation 32 [1/1] (0.39ns)   --->   "%x_l_I_V_33 = select i1 %icmp_ln443_2, i35 %x_l_I_V_32, i35 %p_Result_55"   --->   Operation 32 'select' 'x_l_I_V_33' <Predicate = true> <Delay = 0.39> <CoreInst = "Sel">   --->   Core 73 'Sel' <Latency = 0> <II = 1> <Delay = 0.35> <FuncUnit> <Opcode : 'select'> <InPorts = 3> <OutPorts = 1>
ST_2 : Operation 33 [1/1] (0.35ns)   --->   "%res_I_V_34 = select i1 %icmp_ln443_2, i16 %res_I_V_33, i16 %p_Result_56"   --->   Operation 33 'select' 'res_I_V_34' <Predicate = true> <Delay = 0.35> <CoreInst = "Sel">   --->   Core 73 'Sel' <Latency = 0> <II = 1> <Delay = 0.35> <FuncUnit> <Opcode : 'select'> <InPorts = 3> <OutPorts = 1>
ST_2 : Operation 34 [1/1] (0.00ns)   --->   "%p_Result_8 = partselect i4 @_ssdm_op_PartSelect.i4.i16.i32.i32, i16 %res_I_V_34, i32 12, i32 15"   --->   Operation 34 'partselect' 'p_Result_8' <Predicate = true> <Delay = 0.00>
ST_2 : Operation 35 [1/1] (0.00ns)   --->   "%tmp_3 = bitconcatenate i5 @_ssdm_op_BitConcatenate.i5.i4.i1, i4 %p_Result_8, i1 1"   --->   Operation 35 'bitconcatenate' 'tmp_3' <Predicate = true> <Delay = 0.00>
ST_2 : Operation 36 [1/1] (0.00ns)   --->   "%p_Result_57 = partselect i6 @_ssdm_op_PartSelect.i6.i35.i32.i32, i35 %x_l_I_V_33, i32 24, i32 29"   --->   Operation 36 'partselect' 'p_Result_57' <Predicate = true> <Delay = 0.00>
ST_2 : Operation 37 [1/1] (0.00ns)   --->   "%zext_ln443_2 = zext i5 %tmp_3"   --->   Operation 37 'zext' 'zext_ln443_2' <Predicate = true> <Delay = 0.00>
ST_2 : Operation 38 [1/1] (0.78ns)   --->   "%icmp_ln443_3 = icmp_ult  i6 %p_Result_57, i6 %zext_ln443_2"   --->   Operation 38 'icmp' 'icmp_ln443_3' <Predicate = true> <Delay = 0.78> <CoreInst = "Cmp">   --->   Core 9 'Cmp' <Latency = 0> <II = 1> <Delay = 1.03> <FuncUnit> <Opcode : 'icmp'> <InPorts = 2> <OutPorts = 1>
ST_2 : Operation 39 [1/1] (0.78ns)   --->   "%sub_ln212_2 = sub i6 %p_Result_57, i6 %zext_ln443_2"   --->   Operation 39 'sub' 'sub_ln212_2' <Predicate = true> <Delay = 0.78> <CoreInst = "Adder">   --->   Core 1 'Adder' <Latency = 0> <II = 1> <Delay = 0.85> <FuncUnit> <Opcode : 'add' 'sub'> <InPorts = 2> <OutPorts = 1>
ST_2 : Operation 40 [1/1] (0.00ns)   --->   "%p_Result_58 = partset i35 @llvm.part.set.i35.i6, i35 %x_l_I_V_33, i6 %sub_ln212_2, i32 24, i32 29"   --->   Operation 40 'partset' 'p_Result_58' <Predicate = true> <Delay = 0.00>
ST_2 : Operation 41 [1/1] (0.00ns)   --->   "%p_Result_59 = bitset i16 @_ssdm_op_BitSet.i16.i16.i32.i1, i16 %res_I_V_34, i32 12, i1 1"   --->   Operation 41 'bitset' 'p_Result_59' <Predicate = true> <Delay = 0.00>
ST_2 : Operation 42 [1/1] (0.39ns)   --->   "%x_l_I_V_34 = select i1 %icmp_ln443_3, i35 %x_l_I_V_33, i35 %p_Result_58"   --->   Operation 42 'select' 'x_l_I_V_34' <Predicate = true> <Delay = 0.39> <CoreInst = "Sel">   --->   Core 73 'Sel' <Latency = 0> <II = 1> <Delay = 0.35> <FuncUnit> <Opcode : 'select'> <InPorts = 3> <OutPorts = 1>
ST_2 : Operation 43 [1/1] (0.35ns)   --->   "%res_I_V_35 = select i1 %icmp_ln443_3, i16 %res_I_V_34, i16 %p_Result_59"   --->   Operation 43 'select' 'res_I_V_35' <Predicate = true> <Delay = 0.35> <CoreInst = "Sel">   --->   Core 73 'Sel' <Latency = 0> <II = 1> <Delay = 0.35> <FuncUnit> <Opcode : 'select'> <InPorts = 3> <OutPorts = 1>
ST_2 : Operation 44 [1/1] (0.00ns)   --->   "%p_Result_10 = partselect i5 @_ssdm_op_PartSelect.i5.i16.i32.i32, i16 %res_I_V_35, i32 11, i32 15"   --->   Operation 44 'partselect' 'p_Result_10' <Predicate = true> <Delay = 0.00>
ST_2 : Operation 45 [1/1] (0.00ns)   --->   "%tmp_4 = bitconcatenate i6 @_ssdm_op_BitConcatenate.i6.i5.i1, i5 %p_Result_10, i1 1"   --->   Operation 45 'bitconcatenate' 'tmp_4' <Predicate = true> <Delay = 0.00>
ST_2 : Operation 46 [1/1] (0.00ns)   --->   "%p_Result_60 = partselect i7 @_ssdm_op_PartSelect.i7.i35.i32.i32, i35 %x_l_I_V_34, i32 22, i32 28"   --->   Operation 46 'partselect' 'p_Result_60' <Predicate = true> <Delay = 0.00>
ST_2 : Operation 47 [1/1] (0.00ns)   --->   "%zext_ln443_3 = zext i6 %tmp_4"   --->   Operation 47 'zext' 'zext_ln443_3' <Predicate = true> <Delay = 0.00>
ST_2 : Operation 48 [1/1] (0.81ns)   --->   "%icmp_ln443_4 = icmp_ult  i7 %p_Result_60, i7 %zext_ln443_3"   --->   Operation 48 'icmp' 'icmp_ln443_4' <Predicate = true> <Delay = 0.81> <CoreInst = "Cmp">   --->   Core 9 'Cmp' <Latency = 0> <II = 1> <Delay = 1.03> <FuncUnit> <Opcode : 'icmp'> <InPorts = 2> <OutPorts = 1>
ST_2 : Operation 49 [1/1] (0.77ns)   --->   "%sub_ln212_3 = sub i7 %p_Result_60, i7 %zext_ln443_3"   --->   Operation 49 'sub' 'sub_ln212_3' <Predicate = true> <Delay = 0.77> <CoreInst = "Adder">   --->   Core 1 'Adder' <Latency = 0> <II = 1> <Delay = 0.85> <FuncUnit> <Opcode : 'add' 'sub'> <InPorts = 2> <OutPorts = 1>
ST_2 : Operation 50 [1/1] (0.00ns)   --->   "%p_Result_61 = partset i35 @llvm.part.set.i35.i7, i35 %x_l_I_V_34, i7 %sub_ln212_3, i32 22, i32 28"   --->   Operation 50 'partset' 'p_Result_61' <Predicate = true> <Delay = 0.00>
ST_2 : Operation 51 [1/1] (0.00ns)   --->   "%p_Result_62 = bitset i16 @_ssdm_op_BitSet.i16.i16.i32.i1, i16 %res_I_V_35, i32 11, i1 1"   --->   Operation 51 'bitset' 'p_Result_62' <Predicate = true> <Delay = 0.00>
ST_2 : Operation 52 [1/1] (0.39ns)   --->   "%x_l_I_V_35 = select i1 %icmp_ln443_4, i35 %x_l_I_V_34, i35 %p_Result_61"   --->   Operation 52 'select' 'x_l_I_V_35' <Predicate = true> <Delay = 0.39> <CoreInst = "Sel">   --->   Core 73 'Sel' <Latency = 0> <II = 1> <Delay = 0.35> <FuncUnit> <Opcode : 'select'> <InPorts = 3> <OutPorts = 1>
ST_2 : Operation 53 [1/1] (0.35ns)   --->   "%res_I_V_36 = select i1 %icmp_ln443_4, i16 %res_I_V_35, i16 %p_Result_62"   --->   Operation 53 'select' 'res_I_V_36' <Predicate = true> <Delay = 0.35> <CoreInst = "Sel">   --->   Core 73 'Sel' <Latency = 0> <II = 1> <Delay = 0.35> <FuncUnit> <Opcode : 'select'> <InPorts = 3> <OutPorts = 1>
ST_2 : Operation 54 [1/1] (0.00ns)   --->   "%p_Result_13 = partselect i6 @_ssdm_op_PartSelect.i6.i16.i32.i32, i16 %res_I_V_36, i32 10, i32 15"   --->   Operation 54 'partselect' 'p_Result_13' <Predicate = true> <Delay = 0.00>
ST_2 : Operation 55 [1/1] (0.00ns)   --->   "%tmp_5 = bitconcatenate i7 @_ssdm_op_BitConcatenate.i7.i6.i1, i6 %p_Result_13, i1 1"   --->   Operation 55 'bitconcatenate' 'tmp_5' <Predicate = true> <Delay = 0.00>
ST_2 : Operation 56 [1/1] (0.00ns)   --->   "%p_Result_63 = partselect i8 @_ssdm_op_PartSelect.i8.i35.i32.i32, i35 %x_l_I_V_35, i32 20, i32 27"   --->   Operation 56 'partselect' 'p_Result_63' <Predicate = true> <Delay = 0.00>
ST_2 : Operation 57 [1/1] (0.00ns)   --->   "%zext_ln443_4 = zext i7 %tmp_5"   --->   Operation 57 'zext' 'zext_ln443_4' <Predicate = true> <Delay = 0.00>
ST_2 : Operation 58 [1/1] (0.84ns)   --->   "%icmp_ln443_5 = icmp_ult  i8 %p_Result_63, i8 %zext_ln443_4"   --->   Operation 58 'icmp' 'icmp_ln443_5' <Predicate = true> <Delay = 0.84> <CoreInst = "Cmp">   --->   Core 9 'Cmp' <Latency = 0> <II = 1> <Delay = 1.03> <FuncUnit> <Opcode : 'icmp'> <InPorts = 2> <OutPorts = 1>
ST_2 : Operation 59 [1/1] (0.76ns)   --->   "%sub_ln212_4 = sub i8 %p_Result_63, i8 %zext_ln443_4"   --->   Operation 59 'sub' 'sub_ln212_4' <Predicate = true> <Delay = 0.76> <CoreInst = "Adder">   --->   Core 1 'Adder' <Latency = 0> <II = 1> <Delay = 0.85> <FuncUnit> <Opcode : 'add' 'sub'> <InPorts = 2> <OutPorts = 1>
ST_2 : Operation 60 [1/1] (0.00ns)   --->   "%p_Result_64 = partset i35 @llvm.part.set.i35.i8, i35 %x_l_I_V_35, i8 %sub_ln212_4, i32 20, i32 27"   --->   Operation 60 'partset' 'p_Result_64' <Predicate = true> <Delay = 0.00>
ST_2 : Operation 61 [1/1] (0.00ns)   --->   "%p_Result_65 = bitset i16 @_ssdm_op_BitSet.i16.i16.i32.i1, i16 %res_I_V_36, i32 10, i1 1"   --->   Operation 61 'bitset' 'p_Result_65' <Predicate = true> <Delay = 0.00>
ST_2 : Operation 62 [1/1] (0.39ns)   --->   "%x_l_I_V_36 = select i1 %icmp_ln443_5, i35 %x_l_I_V_35, i35 %p_Result_64"   --->   Operation 62 'select' 'x_l_I_V_36' <Predicate = true> <Delay = 0.39> <CoreInst = "Sel">   --->   Core 73 'Sel' <Latency = 0> <II = 1> <Delay = 0.35> <FuncUnit> <Opcode : 'select'> <InPorts = 3> <OutPorts = 1>
ST_2 : Operation 63 [1/1] (0.35ns)   --->   "%res_I_V_37 = select i1 %icmp_ln443_5, i16 %res_I_V_36, i16 %p_Result_65"   --->   Operation 63 'select' 'res_I_V_37' <Predicate = true> <Delay = 0.35> <CoreInst = "Sel">   --->   Core 73 'Sel' <Latency = 0> <II = 1> <Delay = 0.35> <FuncUnit> <Opcode : 'select'> <InPorts = 3> <OutPorts = 1>
ST_2 : Operation 64 [1/1] (0.00ns)   --->   "%p_Result_16 = partselect i7 @_ssdm_op_PartSelect.i7.i16.i32.i32, i16 %res_I_V_37, i32 9, i32 15"   --->   Operation 64 'partselect' 'p_Result_16' <Predicate = true> <Delay = 0.00>
ST_2 : Operation 65 [1/1] (0.00ns)   --->   "%tmp_6 = bitconcatenate i8 @_ssdm_op_BitConcatenate.i8.i7.i1, i7 %p_Result_16, i1 1"   --->   Operation 65 'bitconcatenate' 'tmp_6' <Predicate = true> <Delay = 0.00>
ST_2 : Operation 66 [1/1] (0.00ns)   --->   "%p_Result_66 = partselect i9 @_ssdm_op_PartSelect.i9.i35.i32.i32, i35 %x_l_I_V_36, i32 18, i32 26"   --->   Operation 66 'partselect' 'p_Result_66' <Predicate = true> <Delay = 0.00>
ST_2 : Operation 67 [1/1] (0.00ns)   --->   "%zext_ln443_5 = zext i8 %tmp_6"   --->   Operation 67 'zext' 'zext_ln443_5' <Predicate = true> <Delay = 0.00>
ST_2 : Operation 68 [1/1] (0.88ns)   --->   "%icmp_ln443_6 = icmp_ult  i9 %p_Result_66, i9 %zext_ln443_5"   --->   Operation 68 'icmp' 'icmp_ln443_6' <Predicate = true> <Delay = 0.88> <CoreInst = "Cmp">   --->   Core 9 'Cmp' <Latency = 0> <II = 1> <Delay = 1.03> <FuncUnit> <Opcode : 'icmp'> <InPorts = 2> <OutPorts = 1>
ST_2 : Operation 69 [1/1] (0.77ns)   --->   "%sub_ln212_5 = sub i9 %p_Result_66, i9 %zext_ln443_5"   --->   Operation 69 'sub' 'sub_ln212_5' <Predicate = true> <Delay = 0.77> <CoreInst = "Adder">   --->   Core 1 'Adder' <Latency = 0> <II = 1> <Delay = 0.85> <FuncUnit> <Opcode : 'add' 'sub'> <InPorts = 2> <OutPorts = 1>

State 3 <SV = 2> <Delay = 7.25>
ST_3 : Operation 70 [1/1] (0.00ns)   --->   "%p_Result_67 = partset i35 @llvm.part.set.i35.i9, i35 %x_l_I_V_36, i9 %sub_ln212_5, i32 18, i32 26"   --->   Operation 70 'partset' 'p_Result_67' <Predicate = (!icmp_ln443_6)> <Delay = 0.00>
ST_3 : Operation 71 [1/1] (0.00ns)   --->   "%p_Result_68 = bitset i16 @_ssdm_op_BitSet.i16.i16.i32.i1, i16 %res_I_V_37, i32 9, i1 1"   --->   Operation 71 'bitset' 'p_Result_68' <Predicate = (!icmp_ln443_6)> <Delay = 0.00>
ST_3 : Operation 72 [1/1] (0.39ns)   --->   "%x_l_I_V = select i1 %icmp_ln443_6, i35 %x_l_I_V_36, i35 %p_Result_67"   --->   Operation 72 'select' 'x_l_I_V' <Predicate = true> <Delay = 0.39> <CoreInst = "Sel">   --->   Core 73 'Sel' <Latency = 0> <II = 1> <Delay = 0.35> <FuncUnit> <Opcode : 'select'> <InPorts = 3> <OutPorts = 1>
ST_3 : Operation 73 [1/1] (0.35ns)   --->   "%res_I_V_38 = select i1 %icmp_ln443_6, i16 %res_I_V_37, i16 %p_Result_68"   --->   Operation 73 'select' 'res_I_V_38' <Predicate = true> <Delay = 0.35> <CoreInst = "Sel">   --->   Core 73 'Sel' <Latency = 0> <II = 1> <Delay = 0.35> <FuncUnit> <Opcode : 'select'> <InPorts = 3> <OutPorts = 1>
ST_3 : Operation 74 [1/1] (0.00ns)   --->   "%p_Result_19 = partselect i8 @_ssdm_op_PartSelect.i8.i16.i32.i32, i16 %res_I_V_38, i32 8, i32 15"   --->   Operation 74 'partselect' 'p_Result_19' <Predicate = true> <Delay = 0.00>
ST_3 : Operation 75 [1/1] (0.00ns)   --->   "%tmp_7 = bitconcatenate i9 @_ssdm_op_BitConcatenate.i9.i8.i1, i8 %p_Result_19, i1 1"   --->   Operation 75 'bitconcatenate' 'tmp_7' <Predicate = true> <Delay = 0.00>
ST_3 : Operation 76 [1/1] (0.00ns)   --->   "%p_Result_69 = partselect i10 @_ssdm_op_PartSelect.i10.i35.i32.i32, i35 %x_l_I_V, i32 16, i32 25"   --->   Operation 76 'partselect' 'p_Result_69' <Predicate = true> <Delay = 0.00>
ST_3 : Operation 77 [1/1] (0.00ns)   --->   "%zext_ln443_6 = zext i9 %tmp_7"   --->   Operation 77 'zext' 'zext_ln443_6' <Predicate = true> <Delay = 0.00>
ST_3 : Operation 78 [1/1] (0.91ns)   --->   "%icmp_ln443_7 = icmp_ult  i10 %p_Result_69, i10 %zext_ln443_6"   --->   Operation 78 'icmp' 'icmp_ln443_7' <Predicate = true> <Delay = 0.91> <CoreInst = "Cmp">   --->   Core 9 'Cmp' <Latency = 0> <II = 1> <Delay = 1.03> <FuncUnit> <Opcode : 'icmp'> <InPorts = 2> <OutPorts = 1>
ST_3 : Operation 79 [1/1] (0.78ns)   --->   "%sub_ln212_6 = sub i10 %p_Result_69, i10 %zext_ln443_6"   --->   Operation 79 'sub' 'sub_ln212_6' <Predicate = true> <Delay = 0.78> <CoreInst = "Adder">   --->   Core 1 'Adder' <Latency = 0> <II = 1> <Delay = 0.85> <FuncUnit> <Opcode : 'add' 'sub'> <InPorts = 2> <OutPorts = 1>
ST_3 : Operation 80 [1/1] (0.00ns)   --->   "%p_Result_70 = partset i35 @llvm.part.set.i35.i10, i35 %x_l_I_V, i10 %sub_ln212_6, i32 16, i32 25"   --->   Operation 80 'partset' 'p_Result_70' <Predicate = true> <Delay = 0.00>
ST_3 : Operation 81 [1/1] (0.00ns)   --->   "%p_Result_71 = bitset i16 @_ssdm_op_BitSet.i16.i16.i32.i1, i16 %res_I_V_38, i32 8, i1 1"   --->   Operation 81 'bitset' 'p_Result_71' <Predicate = true> <Delay = 0.00>
ST_3 : Operation 82 [1/1] (0.39ns)   --->   "%x_l_I_V_37 = select i1 %icmp_ln443_7, i35 %x_l_I_V, i35 %p_Result_70"   --->   Operation 82 'select' 'x_l_I_V_37' <Predicate = true> <Delay = 0.39> <CoreInst = "Sel">   --->   Core 73 'Sel' <Latency = 0> <II = 1> <Delay = 0.35> <FuncUnit> <Opcode : 'select'> <InPorts = 3> <OutPorts = 1>
ST_3 : Operation 83 [1/1] (0.35ns)   --->   "%res_I_V = select i1 %icmp_ln443_7, i16 %res_I_V_38, i16 %p_Result_71"   --->   Operation 83 'select' 'res_I_V' <Predicate = true> <Delay = 0.35> <CoreInst = "Sel">   --->   Core 73 'Sel' <Latency = 0> <II = 1> <Delay = 0.35> <FuncUnit> <Opcode : 'select'> <InPorts = 3> <OutPorts = 1>
ST_3 : Operation 84 [1/1] (0.00ns)   --->   "%p_Result_22 = partselect i9 @_ssdm_op_PartSelect.i9.i16.i32.i32, i16 %res_I_V, i32 7, i32 15"   --->   Operation 84 'partselect' 'p_Result_22' <Predicate = true> <Delay = 0.00>
ST_3 : Operation 85 [1/1] (0.00ns)   --->   "%tmp_8 = bitconcatenate i10 @_ssdm_op_BitConcatenate.i10.i9.i1, i9 %p_Result_22, i1 1"   --->   Operation 85 'bitconcatenate' 'tmp_8' <Predicate = true> <Delay = 0.00>
ST_3 : Operation 86 [1/1] (0.00ns)   --->   "%p_Result_72 = partselect i11 @_ssdm_op_PartSelect.i11.i35.i32.i32, i35 %x_l_I_V_37, i32 14, i32 24"   --->   Operation 86 'partselect' 'p_Result_72' <Predicate = true> <Delay = 0.00>
ST_3 : Operation 87 [1/1] (0.00ns)   --->   "%zext_ln443_7 = zext i10 %tmp_8"   --->   Operation 87 'zext' 'zext_ln443_7' <Predicate = true> <Delay = 0.00>
ST_3 : Operation 88 [1/1] (0.94ns)   --->   "%icmp_ln443_8 = icmp_ult  i11 %p_Result_72, i11 %zext_ln443_7"   --->   Operation 88 'icmp' 'icmp_ln443_8' <Predicate = true> <Delay = 0.94> <CoreInst = "Cmp">   --->   Core 9 'Cmp' <Latency = 0> <II = 1> <Delay = 1.03> <FuncUnit> <Opcode : 'icmp'> <InPorts = 2> <OutPorts = 1>
ST_3 : Operation 89 [1/1] (0.79ns)   --->   "%sub_ln212_7 = sub i11 %p_Result_72, i11 %zext_ln443_7"   --->   Operation 89 'sub' 'sub_ln212_7' <Predicate = true> <Delay = 0.79> <CoreInst = "Adder">   --->   Core 1 'Adder' <Latency = 0> <II = 1> <Delay = 0.85> <FuncUnit> <Opcode : 'add' 'sub'> <InPorts = 2> <OutPorts = 1>
ST_3 : Operation 90 [1/1] (0.00ns)   --->   "%p_Result_73 = partset i35 @llvm.part.set.i35.i11, i35 %x_l_I_V_37, i11 %sub_ln212_7, i32 14, i32 24"   --->   Operation 90 'partset' 'p_Result_73' <Predicate = true> <Delay = 0.00>
ST_3 : Operation 91 [1/1] (0.00ns)   --->   "%p_Result_74 = bitset i16 @_ssdm_op_BitSet.i16.i16.i32.i1, i16 %res_I_V, i32 7, i1 1"   --->   Operation 91 'bitset' 'p_Result_74' <Predicate = true> <Delay = 0.00>
ST_3 : Operation 92 [1/1] (0.39ns)   --->   "%x_l_I_V_38 = select i1 %icmp_ln443_8, i35 %x_l_I_V_37, i35 %p_Result_73"   --->   Operation 92 'select' 'x_l_I_V_38' <Predicate = true> <Delay = 0.39> <CoreInst = "Sel">   --->   Core 73 'Sel' <Latency = 0> <II = 1> <Delay = 0.35> <FuncUnit> <Opcode : 'select'> <InPorts = 3> <OutPorts = 1>
ST_3 : Operation 93 [1/1] (0.35ns)   --->   "%res_I_V_39 = select i1 %icmp_ln443_8, i16 %res_I_V, i16 %p_Result_74"   --->   Operation 93 'select' 'res_I_V_39' <Predicate = true> <Delay = 0.35> <CoreInst = "Sel">   --->   Core 73 'Sel' <Latency = 0> <II = 1> <Delay = 0.35> <FuncUnit> <Opcode : 'select'> <InPorts = 3> <OutPorts = 1>
ST_3 : Operation 94 [1/1] (0.00ns)   --->   "%p_Result_25 = partselect i10 @_ssdm_op_PartSelect.i10.i16.i32.i32, i16 %res_I_V_39, i32 6, i32 15"   --->   Operation 94 'partselect' 'p_Result_25' <Predicate = true> <Delay = 0.00>
ST_3 : Operation 95 [1/1] (0.00ns)   --->   "%tmp_9 = bitconcatenate i11 @_ssdm_op_BitConcatenate.i11.i10.i1, i10 %p_Result_25, i1 1"   --->   Operation 95 'bitconcatenate' 'tmp_9' <Predicate = true> <Delay = 0.00>
ST_3 : Operation 96 [1/1] (0.00ns)   --->   "%p_Result_75 = partselect i12 @_ssdm_op_PartSelect.i12.i35.i32.i32, i35 %x_l_I_V_38, i32 12, i32 23"   --->   Operation 96 'partselect' 'p_Result_75' <Predicate = true> <Delay = 0.00>
ST_3 : Operation 97 [1/1] (0.00ns)   --->   "%zext_ln443_8 = zext i11 %tmp_9"   --->   Operation 97 'zext' 'zext_ln443_8' <Predicate = true> <Delay = 0.00>
ST_3 : Operation 98 [1/1] (0.97ns)   --->   "%icmp_ln443_9 = icmp_ult  i12 %p_Result_75, i12 %zext_ln443_8"   --->   Operation 98 'icmp' 'icmp_ln443_9' <Predicate = true> <Delay = 0.97> <CoreInst = "Cmp">   --->   Core 9 'Cmp' <Latency = 0> <II = 1> <Delay = 1.03> <FuncUnit> <Opcode : 'icmp'> <InPorts = 2> <OutPorts = 1>
ST_3 : Operation 99 [1/1] (0.80ns)   --->   "%sub_ln212_8 = sub i12 %p_Result_75, i12 %zext_ln443_8"   --->   Operation 99 'sub' 'sub_ln212_8' <Predicate = true> <Delay = 0.80> <CoreInst = "Adder">   --->   Core 1 'Adder' <Latency = 0> <II = 1> <Delay = 0.85> <FuncUnit> <Opcode : 'add' 'sub'> <InPorts = 2> <OutPorts = 1>
ST_3 : Operation 100 [1/1] (0.00ns)   --->   "%p_Result_76 = partset i35 @llvm.part.set.i35.i12, i35 %x_l_I_V_38, i12 %sub_ln212_8, i32 12, i32 23"   --->   Operation 100 'partset' 'p_Result_76' <Predicate = true> <Delay = 0.00>
ST_3 : Operation 101 [1/1] (0.00ns)   --->   "%p_Result_77 = bitset i16 @_ssdm_op_BitSet.i16.i16.i32.i1, i16 %res_I_V_39, i32 6, i1 1"   --->   Operation 101 'bitset' 'p_Result_77' <Predicate = true> <Delay = 0.00>
ST_3 : Operation 102 [1/1] (0.39ns)   --->   "%x_l_I_V_39 = select i1 %icmp_ln443_9, i35 %x_l_I_V_38, i35 %p_Result_76"   --->   Operation 102 'select' 'x_l_I_V_39' <Predicate = true> <Delay = 0.39> <CoreInst = "Sel">   --->   Core 73 'Sel' <Latency = 0> <II = 1> <Delay = 0.35> <FuncUnit> <Opcode : 'select'> <InPorts = 3> <OutPorts = 1>
ST_3 : Operation 103 [1/1] (0.35ns)   --->   "%res_I_V_40 = select i1 %icmp_ln443_9, i16 %res_I_V_39, i16 %p_Result_77"   --->   Operation 103 'select' 'res_I_V_40' <Predicate = true> <Delay = 0.35> <CoreInst = "Sel">   --->   Core 73 'Sel' <Latency = 0> <II = 1> <Delay = 0.35> <FuncUnit> <Opcode : 'select'> <InPorts = 3> <OutPorts = 1>
ST_3 : Operation 104 [1/1] (0.00ns)   --->   "%p_Result_28 = partselect i11 @_ssdm_op_PartSelect.i11.i16.i32.i32, i16 %res_I_V_40, i32 5, i32 15"   --->   Operation 104 'partselect' 'p_Result_28' <Predicate = true> <Delay = 0.00>
ST_3 : Operation 105 [1/1] (0.00ns)   --->   "%tmp_s = bitconcatenate i12 @_ssdm_op_BitConcatenate.i12.i11.i1, i11 %p_Result_28, i1 1"   --->   Operation 105 'bitconcatenate' 'tmp_s' <Predicate = true> <Delay = 0.00>
ST_3 : Operation 106 [1/1] (0.00ns)   --->   "%p_Result_78 = partselect i13 @_ssdm_op_PartSelect.i13.i35.i32.i32, i35 %x_l_I_V_39, i32 10, i32 22"   --->   Operation 106 'partselect' 'p_Result_78' <Predicate = true> <Delay = 0.00>
ST_3 : Operation 107 [1/1] (0.00ns)   --->   "%zext_ln443_9 = zext i12 %tmp_s"   --->   Operation 107 'zext' 'zext_ln443_9' <Predicate = true> <Delay = 0.00>
ST_3 : Operation 108 [1/1] (1.00ns)   --->   "%icmp_ln443_10 = icmp_ult  i13 %p_Result_78, i13 %zext_ln443_9"   --->   Operation 108 'icmp' 'icmp_ln443_10' <Predicate = true> <Delay = 1.00> <CoreInst = "Cmp">   --->   Core 9 'Cmp' <Latency = 0> <II = 1> <Delay = 1.03> <FuncUnit> <Opcode : 'icmp'> <InPorts = 2> <OutPorts = 1>
ST_3 : Operation 109 [1/1] (0.82ns)   --->   "%sub_ln212_9 = sub i13 %p_Result_78, i13 %zext_ln443_9"   --->   Operation 109 'sub' 'sub_ln212_9' <Predicate = true> <Delay = 0.82> <CoreInst = "Adder">   --->   Core 1 'Adder' <Latency = 0> <II = 1> <Delay = 0.85> <FuncUnit> <Opcode : 'add' 'sub'> <InPorts = 2> <OutPorts = 1>
ST_3 : Operation 110 [1/1] (0.00ns)   --->   "%p_Result_79 = partset i35 @llvm.part.set.i35.i13, i35 %x_l_I_V_39, i13 %sub_ln212_9, i32 10, i32 22"   --->   Operation 110 'partset' 'p_Result_79' <Predicate = true> <Delay = 0.00>
ST_3 : Operation 111 [1/1] (0.00ns)   --->   "%p_Result_80 = bitset i16 @_ssdm_op_BitSet.i16.i16.i32.i1, i16 %res_I_V_40, i32 5, i1 1"   --->   Operation 111 'bitset' 'p_Result_80' <Predicate = true> <Delay = 0.00>
ST_3 : Operation 112 [1/1] (0.39ns)   --->   "%x_l_I_V_40 = select i1 %icmp_ln443_10, i35 %x_l_I_V_39, i35 %p_Result_79"   --->   Operation 112 'select' 'x_l_I_V_40' <Predicate = true> <Delay = 0.39> <CoreInst = "Sel">   --->   Core 73 'Sel' <Latency = 0> <II = 1> <Delay = 0.35> <FuncUnit> <Opcode : 'select'> <InPorts = 3> <OutPorts = 1>
ST_3 : Operation 113 [1/1] (0.35ns)   --->   "%res_I_V_41 = select i1 %icmp_ln443_10, i16 %res_I_V_40, i16 %p_Result_80"   --->   Operation 113 'select' 'res_I_V_41' <Predicate = true> <Delay = 0.35> <CoreInst = "Sel">   --->   Core 73 'Sel' <Latency = 0> <II = 1> <Delay = 0.35> <FuncUnit> <Opcode : 'select'> <InPorts = 3> <OutPorts = 1>
ST_3 : Operation 114 [1/1] (0.00ns)   --->   "%p_Result_31 = partselect i12 @_ssdm_op_PartSelect.i12.i16.i32.i32, i16 %res_I_V_41, i32 4, i32 15"   --->   Operation 114 'partselect' 'p_Result_31' <Predicate = true> <Delay = 0.00>
ST_3 : Operation 115 [1/1] (0.00ns)   --->   "%tmp_10 = bitconcatenate i13 @_ssdm_op_BitConcatenate.i13.i12.i1, i12 %p_Result_31, i1 1"   --->   Operation 115 'bitconcatenate' 'tmp_10' <Predicate = true> <Delay = 0.00>
ST_3 : Operation 116 [1/1] (0.00ns)   --->   "%p_Result_81 = partselect i14 @_ssdm_op_PartSelect.i14.i35.i32.i32, i35 %x_l_I_V_40, i32 8, i32 21"   --->   Operation 116 'partselect' 'p_Result_81' <Predicate = true> <Delay = 0.00>
ST_3 : Operation 117 [1/1] (0.00ns)   --->   "%zext_ln443_10 = zext i13 %tmp_10"   --->   Operation 117 'zext' 'zext_ln443_10' <Predicate = true> <Delay = 0.00>
ST_3 : Operation 118 [1/1] (1.03ns)   --->   "%icmp_ln443_11 = icmp_ult  i14 %p_Result_81, i14 %zext_ln443_10"   --->   Operation 118 'icmp' 'icmp_ln443_11' <Predicate = true> <Delay = 1.03> <CoreInst = "Cmp">   --->   Core 9 'Cmp' <Latency = 0> <II = 1> <Delay = 1.03> <FuncUnit> <Opcode : 'icmp'> <InPorts = 2> <OutPorts = 1>
ST_3 : Operation 119 [1/1] (0.83ns)   --->   "%sub_ln212_10 = sub i14 %p_Result_81, i14 %zext_ln443_10"   --->   Operation 119 'sub' 'sub_ln212_10' <Predicate = true> <Delay = 0.83> <CoreInst = "Adder">   --->   Core 1 'Adder' <Latency = 0> <II = 1> <Delay = 0.85> <FuncUnit> <Opcode : 'add' 'sub'> <InPorts = 2> <OutPorts = 1>
ST_3 : Operation 120 [1/1] (0.00ns)   --->   "%p_Result_82 = partset i35 @llvm.part.set.i35.i14, i35 %x_l_I_V_40, i14 %sub_ln212_10, i32 8, i32 21"   --->   Operation 120 'partset' 'p_Result_82' <Predicate = true> <Delay = 0.00>
ST_3 : Operation 121 [1/1] (0.00ns)   --->   "%p_Result_83 = bitset i16 @_ssdm_op_BitSet.i16.i16.i32.i1, i16 %res_I_V_41, i32 4, i1 1"   --->   Operation 121 'bitset' 'p_Result_83' <Predicate = true> <Delay = 0.00>
ST_3 : Operation 122 [1/1] (0.39ns)   --->   "%x_l_I_V_41 = select i1 %icmp_ln443_11, i35 %x_l_I_V_40, i35 %p_Result_82"   --->   Operation 122 'select' 'x_l_I_V_41' <Predicate = true> <Delay = 0.39> <CoreInst = "Sel">   --->   Core 73 'Sel' <Latency = 0> <II = 1> <Delay = 0.35> <FuncUnit> <Opcode : 'select'> <InPorts = 3> <OutPorts = 1>
ST_3 : Operation 123 [1/1] (0.35ns)   --->   "%res_I_V_42 = select i1 %icmp_ln443_11, i16 %res_I_V_41, i16 %p_Result_83"   --->   Operation 123 'select' 'res_I_V_42' <Predicate = true> <Delay = 0.35> <CoreInst = "Sel">   --->   Core 73 'Sel' <Latency = 0> <II = 1> <Delay = 0.35> <FuncUnit> <Opcode : 'select'> <InPorts = 3> <OutPorts = 1>
ST_3 : Operation 124 [1/1] (0.00ns)   --->   "%p_Result_34 = partselect i13 @_ssdm_op_PartSelect.i13.i16.i32.i32, i16 %res_I_V_42, i32 3, i32 15"   --->   Operation 124 'partselect' 'p_Result_34' <Predicate = true> <Delay = 0.00>
ST_3 : Operation 125 [1/1] (0.00ns)   --->   "%p_Result_84 = partselect i15 @_ssdm_op_PartSelect.i15.i35.i32.i32, i35 %x_l_I_V_41, i32 6, i32 20"   --->   Operation 125 'partselect' 'p_Result_84' <Predicate = true> <Delay = 0.00>

State 4 <SV = 3> <Delay = 7.29>
ST_4 : Operation 126 [1/1] (0.00ns)   --->   "%specpipeline_ln42 = specpipeline void @_ssdm_op_SpecPipeline, i32 4294967295, i32 0, i32 0, i32 0, void @empty_1" [/wrk/ci/prod/2021.1/rdi_builds/continuous/2021_06_10_3247384/src/shared/hls/clib/hlsmath/include/hls_sqrt_apfixed.h:42]   --->   Operation 126 'specpipeline' 'specpipeline_ln42' <Predicate = true> <Delay = 0.00>
ST_4 : Operation 127 [1/1] (0.00ns) (grouped into LUT with out node select_ln53)   --->   "%p_Result_s = bitselect i1 @_ssdm_op_BitSelect.i1.i32.i32, i32 %x_read, i32 31"   --->   Operation 127 'bitselect' 'p_Result_s' <Predicate = true> <Delay = 0.00>
ST_4 : Operation 128 [1/1] (0.00ns)   --->   "%tmp_11 = bitconcatenate i14 @_ssdm_op_BitConcatenate.i14.i13.i1, i13 %p_Result_34, i1 1"   --->   Operation 128 'bitconcatenate' 'tmp_11' <Predicate = true> <Delay = 0.00>
ST_4 : Operation 129 [1/1] (0.00ns)   --->   "%zext_ln443_11 = zext i14 %tmp_11"   --->   Operation 129 'zext' 'zext_ln443_11' <Predicate = true> <Delay = 0.00>
ST_4 : Operation 130 [1/1] (1.07ns)   --->   "%icmp_ln443_12 = icmp_ult  i15 %p_Result_84, i15 %zext_ln443_11"   --->   Operation 130 'icmp' 'icmp_ln443_12' <Predicate = true> <Delay = 1.07> <CoreInst = "Cmp">   --->   Core 9 'Cmp' <Latency = 0> <II = 1> <Delay = 1.03> <FuncUnit> <Opcode : 'icmp'> <InPorts = 2> <OutPorts = 1>
ST_4 : Operation 131 [1/1] (0.84ns)   --->   "%sub_ln212_11 = sub i15 %p_Result_84, i15 %zext_ln443_11"   --->   Operation 131 'sub' 'sub_ln212_11' <Predicate = true> <Delay = 0.84> <CoreInst = "Adder">   --->   Core 1 'Adder' <Latency = 0> <II = 1> <Delay = 0.85> <FuncUnit> <Opcode : 'add' 'sub'> <InPorts = 2> <OutPorts = 1>
ST_4 : Operation 132 [1/1] (0.00ns)   --->   "%p_Result_85 = partset i35 @llvm.part.set.i35.i15, i35 %x_l_I_V_41, i15 %sub_ln212_11, i32 6, i32 20"   --->   Operation 132 'partset' 'p_Result_85' <Predicate = true> <Delay = 0.00>
ST_4 : Operation 133 [1/1] (0.00ns)   --->   "%p_Result_86 = bitset i16 @_ssdm_op_BitSet.i16.i16.i32.i1, i16 %res_I_V_42, i32 3, i1 1"   --->   Operation 133 'bitset' 'p_Result_86' <Predicate = true> <Delay = 0.00>
ST_4 : Operation 134 [1/1] (0.39ns)   --->   "%x_l_I_V_42 = select i1 %icmp_ln443_12, i35 %x_l_I_V_41, i35 %p_Result_85"   --->   Operation 134 'select' 'x_l_I_V_42' <Predicate = true> <Delay = 0.39> <CoreInst = "Sel">   --->   Core 73 'Sel' <Latency = 0> <II = 1> <Delay = 0.35> <FuncUnit> <Opcode : 'select'> <InPorts = 3> <OutPorts = 1>
ST_4 : Operation 135 [1/1] (0.35ns)   --->   "%res_I_V_43 = select i1 %icmp_ln443_12, i16 %res_I_V_42, i16 %p_Result_86"   --->   Operation 135 'select' 'res_I_V_43' <Predicate = true> <Delay = 0.35> <CoreInst = "Sel">   --->   Core 73 'Sel' <Latency = 0> <II = 1> <Delay = 0.35> <FuncUnit> <Opcode : 'select'> <InPorts = 3> <OutPorts = 1>
ST_4 : Operation 136 [1/1] (0.00ns)   --->   "%p_Result_37 = partselect i14 @_ssdm_op_PartSelect.i14.i16.i32.i32, i16 %res_I_V_43, i32 2, i32 15"   --->   Operation 136 'partselect' 'p_Result_37' <Predicate = true> <Delay = 0.00>
ST_4 : Operation 137 [1/1] (0.00ns)   --->   "%tmp_12 = bitconcatenate i15 @_ssdm_op_BitConcatenate.i15.i14.i1, i14 %p_Result_37, i1 1"   --->   Operation 137 'bitconcatenate' 'tmp_12' <Predicate = true> <Delay = 0.00>
ST_4 : Operation 138 [1/1] (0.00ns)   --->   "%p_Result_87 = partselect i16 @_ssdm_op_PartSelect.i16.i35.i32.i32, i35 %x_l_I_V_42, i32 4, i32 19"   --->   Operation 138 'partselect' 'p_Result_87' <Predicate = true> <Delay = 0.00>
ST_4 : Operation 139 [1/1] (0.00ns)   --->   "%zext_ln443_12 = zext i15 %tmp_12"   --->   Operation 139 'zext' 'zext_ln443_12' <Predicate = true> <Delay = 0.00>
ST_4 : Operation 140 [1/1] (1.10ns)   --->   "%icmp_ln443_13 = icmp_ult  i16 %p_Result_87, i16 %zext_ln443_12"   --->   Operation 140 'icmp' 'icmp_ln443_13' <Predicate = true> <Delay = 1.10> <CoreInst = "Cmp">   --->   Core 9 'Cmp' <Latency = 0> <II = 1> <Delay = 1.03> <FuncUnit> <Opcode : 'icmp'> <InPorts = 2> <OutPorts = 1>
ST_4 : Operation 141 [1/1] (0.85ns)   --->   "%sub_ln212_12 = sub i16 %p_Result_87, i16 %zext_ln443_12"   --->   Operation 141 'sub' 'sub_ln212_12' <Predicate = true> <Delay = 0.85> <CoreInst = "Adder">   --->   Core 1 'Adder' <Latency = 0> <II = 1> <Delay = 0.85> <FuncUnit> <Opcode : 'add' 'sub'> <InPorts = 2> <OutPorts = 1>
ST_4 : Operation 142 [1/1] (0.00ns)   --->   "%p_Result_88 = partset i35 @llvm.part.set.i35.i16, i35 %x_l_I_V_42, i16 %sub_ln212_12, i32 4, i32 19"   --->   Operation 142 'partset' 'p_Result_88' <Predicate = true> <Delay = 0.00>
ST_4 : Operation 143 [1/1] (0.00ns)   --->   "%p_Result_89 = bitset i16 @_ssdm_op_BitSet.i16.i16.i32.i1, i16 %res_I_V_43, i32 2, i1 1"   --->   Operation 143 'bitset' 'p_Result_89' <Predicate = true> <Delay = 0.00>
ST_4 : Operation 144 [1/1] (0.39ns)   --->   "%x_l_I_V_43 = select i1 %icmp_ln443_13, i35 %x_l_I_V_42, i35 %p_Result_88"   --->   Operation 144 'select' 'x_l_I_V_43' <Predicate = true> <Delay = 0.39> <CoreInst = "Sel">   --->   Core 73 'Sel' <Latency = 0> <II = 1> <Delay = 0.35> <FuncUnit> <Opcode : 'select'> <InPorts = 3> <OutPorts = 1>
ST_4 : Operation 145 [1/1] (0.35ns)   --->   "%res_I_V_44 = select i1 %icmp_ln443_13, i16 %res_I_V_43, i16 %p_Result_89"   --->   Operation 145 'select' 'res_I_V_44' <Predicate = true> <Delay = 0.35> <CoreInst = "Sel">   --->   Core 73 'Sel' <Latency = 0> <II = 1> <Delay = 0.35> <FuncUnit> <Opcode : 'select'> <InPorts = 3> <OutPorts = 1>
ST_4 : Operation 146 [1/1] (0.00ns)   --->   "%p_Result_40 = partselect i15 @_ssdm_op_PartSelect.i15.i16.i32.i32, i16 %res_I_V_44, i32 1, i32 15"   --->   Operation 146 'partselect' 'p_Result_40' <Predicate = true> <Delay = 0.00>
ST_4 : Operation 147 [1/1] (0.00ns)   --->   "%tmp_13 = bitconcatenate i16 @_ssdm_op_BitConcatenate.i16.i15.i1, i15 %p_Result_40, i1 1"   --->   Operation 147 'bitconcatenate' 'tmp_13' <Predicate = true> <Delay = 0.00>
ST_4 : Operation 148 [1/1] (0.00ns)   --->   "%p_Result_90 = partselect i17 @_ssdm_op_PartSelect.i17.i35.i32.i32, i35 %x_l_I_V_43, i32 2, i32 18"   --->   Operation 148 'partselect' 'p_Result_90' <Predicate = true> <Delay = 0.00>
ST_4 : Operation 149 [1/1] (0.00ns)   --->   "%zext_ln443_13 = zext i16 %tmp_13"   --->   Operation 149 'zext' 'zext_ln443_13' <Predicate = true> <Delay = 0.00>
ST_4 : Operation 150 [1/1] (1.09ns)   --->   "%icmp_ln443_14 = icmp_ult  i17 %p_Result_90, i17 %zext_ln443_13"   --->   Operation 150 'icmp' 'icmp_ln443_14' <Predicate = true> <Delay = 1.09> <CoreInst = "Cmp">   --->   Core 9 'Cmp' <Latency = 0> <II = 1> <Delay = 1.03> <FuncUnit> <Opcode : 'icmp'> <InPorts = 2> <OutPorts = 1>
ST_4 : Operation 151 [1/1] (0.86ns)   --->   "%sub_ln212_13 = sub i17 %p_Result_90, i17 %zext_ln443_13"   --->   Operation 151 'sub' 'sub_ln212_13' <Predicate = true> <Delay = 0.86> <CoreInst = "Adder">   --->   Core 1 'Adder' <Latency = 0> <II = 1> <Delay = 0.85> <FuncUnit> <Opcode : 'add' 'sub'> <InPorts = 2> <OutPorts = 1>
ST_4 : Operation 152 [1/1] (0.00ns)   --->   "%p_Result_91 = partset i35 @llvm.part.set.i35.i17, i35 %x_l_I_V_43, i17 %sub_ln212_13, i32 2, i32 18"   --->   Operation 152 'partset' 'p_Result_91' <Predicate = true> <Delay = 0.00>
ST_4 : Operation 153 [1/1] (0.00ns)   --->   "%p_Result_92 = bitset i16 @_ssdm_op_BitSet.i16.i16.i32.i1, i16 %res_I_V_44, i32 1, i1 1"   --->   Operation 153 'bitset' 'p_Result_92' <Predicate = true> <Delay = 0.00>
ST_4 : Operation 154 [1/1] (0.39ns)   --->   "%x_l_I_V_44 = select i1 %icmp_ln443_14, i35 %x_l_I_V_43, i35 %p_Result_91"   --->   Operation 154 'select' 'x_l_I_V_44' <Predicate = true> <Delay = 0.39> <CoreInst = "Sel">   --->   Core 73 'Sel' <Latency = 0> <II = 1> <Delay = 0.35> <FuncUnit> <Opcode : 'select'> <InPorts = 3> <OutPorts = 1>
ST_4 : Operation 155 [1/1] (0.35ns)   --->   "%res_I_V_45 = select i1 %icmp_ln443_14, i16 %res_I_V_44, i16 %p_Result_92"   --->   Operation 155 'select' 'res_I_V_45' <Predicate = true> <Delay = 0.35> <CoreInst = "Sel">   --->   Core 73 'Sel' <Latency = 0> <II = 1> <Delay = 0.35> <FuncUnit> <Opcode : 'select'> <InPorts = 3> <OutPorts = 1>
ST_4 : Operation 156 [1/1] (0.00ns)   --->   "%tmp_14 = bitconcatenate i17 @_ssdm_op_BitConcatenate.i17.i16.i1, i16 %res_I_V_45, i1 1"   --->   Operation 156 'bitconcatenate' 'tmp_14' <Predicate = true> <Delay = 0.00>
ST_4 : Operation 157 [1/1] (0.00ns)   --->   "%p_Result_93 = trunc i35 %x_l_I_V_44"   --->   Operation 157 'trunc' 'p_Result_93' <Predicate = true> <Delay = 0.00>
ST_4 : Operation 158 [1/1] (0.00ns)   --->   "%zext_ln443_14 = zext i17 %tmp_14"   --->   Operation 158 'zext' 'zext_ln443_14' <Predicate = true> <Delay = 0.00>
ST_4 : Operation 159 [1/1] (1.08ns)   --->   "%icmp_ln443_15 = icmp_ult  i18 %p_Result_93, i18 %zext_ln443_14"   --->   Operation 159 'icmp' 'icmp_ln443_15' <Predicate = true> <Delay = 1.08> <CoreInst = "Cmp">   --->   Core 9 'Cmp' <Latency = 0> <II = 1> <Delay = 1.03> <FuncUnit> <Opcode : 'icmp'> <InPorts = 2> <OutPorts = 1>
ST_4 : Operation 160 [1/1] (0.87ns)   --->   "%sub_ln212_14 = sub i18 %p_Result_93, i18 %zext_ln443_14"   --->   Operation 160 'sub' 'sub_ln212_14' <Predicate = true> <Delay = 0.87> <CoreInst = "Adder">   --->   Core 1 'Adder' <Latency = 0> <II = 1> <Delay = 0.85> <FuncUnit> <Opcode : 'add' 'sub'> <InPorts = 2> <OutPorts = 1>
ST_4 : Operation 161 [1/1] (0.00ns) (grouped into LUT with out node p_Result_48)   --->   "%p_Result_94 = partset i35 @llvm.part.set.i35.i18, i35 %x_l_I_V_44, i18 %sub_ln212_14, i32 0, i32 17"   --->   Operation 161 'partset' 'p_Result_94' <Predicate = true> <Delay = 0.00>
ST_4 : Operation 162 [1/1] (0.00ns)   --->   "%p_Result_95 = bitset i16 @_ssdm_op_BitSet.i16.i16.i32.i1, i16 %res_I_V_45, i32 0, i1 1"   --->   Operation 162 'bitset' 'p_Result_95' <Predicate = true> <Delay = 0.00>
ST_4 : Operation 163 [1/1] (0.00ns) (grouped into LUT with out node p_Result_48)   --->   "%x_l_I_V_45 = select i1 %icmp_ln443_15, i35 %x_l_I_V_44, i35 %p_Result_94"   --->   Operation 163 'select' 'x_l_I_V_45' <Predicate = true> <Delay = 0.00> <CoreInst = "Sel">   --->   Core 73 'Sel' <Latency = 0> <II = 1> <Delay = 0.35> <FuncUnit> <Opcode : 'select'> <InPorts = 3> <OutPorts = 1>
ST_4 : Operation 164 [1/1] (0.35ns)   --->   "%res_I_V_46 = select i1 %icmp_ln443_15, i16 %res_I_V_45, i16 %p_Result_95"   --->   Operation 164 'select' 'res_I_V_46' <Predicate = true> <Delay = 0.35> <CoreInst = "Sel">   --->   Core 73 'Sel' <Latency = 0> <II = 1> <Delay = 0.35> <FuncUnit> <Opcode : 'select'> <InPorts = 3> <OutPorts = 1>
ST_4 : Operation 165 [1/1] (0.00ns) (grouped into LUT with out node p_Result_48)   --->   "%mul_I_V = bitconcatenate i33 @_ssdm_op_BitConcatenate.i33.i17.i16, i17 0, i16 %res_I_V_46"   --->   Operation 165 'bitconcatenate' 'mul_I_V' <Predicate = true> <Delay = 0.00>
ST_4 : Operation 166 [1/1] (0.00ns) (grouped into LUT with out node p_Result_48)   --->   "%zext_ln671 = zext i33 %mul_I_V"   --->   Operation 166 'zext' 'zext_ln671' <Predicate = true> <Delay = 0.00>
ST_4 : Operation 167 [1/1] (1.03ns) (out node of the LUT)   --->   "%p_Result_48 = icmp_ugt  i35 %x_l_I_V_45, i35 %zext_ln671"   --->   Operation 167 'icmp' 'p_Result_48' <Predicate = true> <Delay = 1.03> <CoreInst = "Cmp">   --->   Core 9 'Cmp' <Latency = 0> <II = 1> <Delay = 1.03> <FuncUnit> <Opcode : 'icmp'> <InPorts = 2> <OutPorts = 1>
ST_4 : Operation 168 [1/1] (0.85ns)   --->   "%res_I_V_30 = add i16 %res_I_V_46, i16 1"   --->   Operation 168 'add' 'res_I_V_30' <Predicate = true> <Delay = 0.85> <CoreInst = "Adder">   --->   Core 1 'Adder' <Latency = 0> <II = 1> <Delay = 0.85> <FuncUnit> <Opcode : 'add' 'sub'> <InPorts = 2> <OutPorts = 1>
ST_4 : Operation 169 [1/1] (0.00ns) (grouped into LUT with out node select_ln53)   --->   "%res_I_V_47 = select i1 %p_Result_48, i16 %res_I_V_30, i16 %res_I_V_46" [/wrk/ci/prod/2021.1/rdi_builds/continuous/2021_06_10_3247384/src/shared/hls/clib/hlsmath/include/hls_sqrt_apfixed.h:363]   --->   Operation 169 'select' 'res_I_V_47' <Predicate = true> <Delay = 0.00> <CoreInst = "Sel">   --->   Core 73 'Sel' <Latency = 0> <II = 1> <Delay = 0.35> <FuncUnit> <Opcode : 'select'> <InPorts = 3> <OutPorts = 1>
ST_4 : Operation 170 [1/1] (0.35ns) (out node of the LUT)   --->   "%select_ln53 = select i1 %p_Result_s, i16 0, i16 %res_I_V_47"   --->   Operation 170 'select' 'select_ln53' <Predicate = true> <Delay = 0.35> <CoreInst = "Sel">   --->   Core 73 'Sel' <Latency = 0> <II = 1> <Delay = 0.35> <FuncUnit> <Opcode : 'select'> <InPorts = 3> <OutPorts = 1>
ST_4 : Operation 171 [1/1] (0.00ns)   --->   "%ret_ln372 = ret i16 %select_ln53" [/wrk/ci/prod/2021.1/rdi_builds/continuous/2021_06_10_3247384/src/shared/hls/clib/hlsmath/include/hls_sqrt_apfixed.h:372]   --->   Operation 171 'ret' 'ret_ln372' <Predicate = true> <Delay = 0.00>


============================================================
+ Verbose Summary: Timing violations
============================================================
Target clock period: 10ns, clock uncertainty: 2.7ns.

 <State 1>: 0.548ns
The critical path consists of the following:
	wire read operation ('x_read') on port 'x' [3]  (0 ns)
	'add' operation ('add_ln212') [9]  (0.548 ns)

 <State 2>: 7.3ns
The critical path consists of the following:
	'select' operation ('x_l_I.V') [11]  (0.397 ns)
	'sub' operation ('sub_ln212') [18]  (0.797 ns)
	'select' operation ('x_l_I.V') [21]  (0.397 ns)
	'sub' operation ('sub_ln212_1') [28]  (0.789 ns)
	'select' operation ('x_l_I.V') [31]  (0.397 ns)
	'icmp' operation ('icmp_ln443_3') [37]  (0.785 ns)
	'select' operation ('x_l_I.V') [41]  (0.397 ns)
	'icmp' operation ('icmp_ln443_4') [47]  (0.817 ns)
	'select' operation ('x_l_I.V') [51]  (0.397 ns)
	'icmp' operation ('icmp_ln443_5') [57]  (0.849 ns)
	'select' operation ('x_l_I.V') [61]  (0.397 ns)
	'icmp' operation ('icmp_ln443_6') [67]  (0.881 ns)

 <State 3>: 7.26ns
The critical path consists of the following:
	'select' operation ('x_l_I.V') [71]  (0.397 ns)
	'icmp' operation ('icmp_ln443_7') [77]  (0.912 ns)
	'select' operation ('x_l_I.V') [81]  (0.397 ns)
	'icmp' operation ('icmp_ln443_8') [87]  (0.944 ns)
	'select' operation ('x_l_I.V') [91]  (0.397 ns)
	'icmp' operation ('icmp_ln443_9') [97]  (0.976 ns)
	'select' operation ('x_l_I.V') [101]  (0.397 ns)
	'icmp' operation ('icmp_ln443_10') [107]  (1.01 ns)
	'select' operation ('x_l_I.V') [111]  (0.397 ns)
	'icmp' operation ('icmp_ln443_11') [117]  (1.04 ns)
	'select' operation ('x_l_I.V') [121]  (0.397 ns)

 <State 4>: 7.3ns
The critical path consists of the following:
	'icmp' operation ('icmp_ln443_12') [127]  (1.07 ns)
	'select' operation ('x_l_I.V') [131]  (0.397 ns)
	'icmp' operation ('icmp_ln443_13') [137]  (1.1 ns)
	'select' operation ('x_l_I.V') [141]  (0.397 ns)
	'icmp' operation ('icmp_ln443_14') [147]  (1.1 ns)
	'select' operation ('x_l_I.V') [151]  (0.397 ns)
	'icmp' operation ('icmp_ln443_15') [156]  (1.09 ns)
	'select' operation ('res_I.V') [161]  (0.357 ns)
	'icmp' operation ('__Result__') [164]  (1.04 ns)
	'select' operation ('res_I.V', /wrk/ci/prod/2021.1/rdi_builds/continuous/2021_06_10_3247384/src/shared/hls/clib/hlsmath/include/hls_sqrt_apfixed.h:363) [166]  (0 ns)
	'select' operation ('this.V') [167]  (0.357 ns)


============================================================
+ Verbose Summary: Binding
============================================================
N/A
* FSMD analyzer results:
  - Output states:
 - Input state : 
  - Chain level:
	State 1
	State 2
	State 3
	State 4


============================================================
+ Verbose Summary: Datapath Resource usage 
============================================================
N/A
